{"level":"info","message":"ssss","timestamp":"2015-11-05T13:56:03.245Z"}
{"level":"info","message":"::1 - - [05/Nov/2015:13:56:03 +0000] \"GET /api/calonpilkada HTTP/1.1\" 304 - \"-\" \"Mozilla/5.0 (Macintosh; Intel Mac OS X 10_11_1) AppleWebKit/537.36 (KHTML, like Gecko) Chrome/46.0.2490.80 Safari/537.36\"\n","timestamp":"2015-11-05T13:56:03.258Z"}
{"level":"info","message":"::1 - - [05/Nov/2015:14:11:15 +0000] \"GET /api/calonpilkada HTTP/1.1\" 200 587 \"-\" \"Mozilla/5.0 (Macintosh; Intel Mac OS X 10_11_1) AppleWebKit/537.36 (KHTML, like Gecko) Chrome/46.0.2490.80 Safari/537.36\"\n","timestamp":"2015-11-05T14:11:15.822Z"}
{"level":"info","message":"::1 - - [05/Nov/2015:14:12:09 +0000] \"GET /api/calonpilkada HTTP/1.1\" 200 596 \"-\" \"Mozilla/5.0 (Macintosh; Intel Mac OS X 10_11_1) AppleWebKit/537.36 (KHTML, like Gecko) Chrome/46.0.2490.80 Safari/537.36\"\n","timestamp":"2015-11-05T14:12:09.897Z"}
{"level":"info","message":"::1 - - [05/Nov/2015:14:12:39 +0000] \"GET /api/calonpilkada HTTP/1.1\" 200 11484 \"-\" \"Mozilla/5.0 (Macintosh; Intel Mac OS X 10_11_1) AppleWebKit/537.36 (KHTML, like Gecko) Chrome/46.0.2490.80 Safari/537.36\"\n","timestamp":"2015-11-05T14:12:39.886Z"}
{"level":"info","message":"::1 - - [05/Nov/2015:14:13:06 +0000] \"GET /api/calonpilkada?provinsi=35 HTTP/1.1\" 200 11484 \"-\" \"Mozilla/5.0 (Macintosh; Intel Mac OS X 10_11_1) AppleWebKit/537.36 (KHTML, like Gecko) Chrome/46.0.2490.80 Safari/537.36\"\n","timestamp":"2015-11-05T14:13:06.013Z"}
{"level":"info","message":"::1 - - [05/Nov/2015:14:14:46 +0000] \"GET /api/calonpilkada?provinsi=35 HTTP/1.1\" 200 11992 \"-\" \"Mozilla/5.0 (Macintosh; Intel Mac OS X 10_11_1) AppleWebKit/537.36 (KHTML, like Gecko) Chrome/46.0.2490.80 Safari/537.36\"\n","timestamp":"2015-11-05T14:14:46.062Z"}
{"level":"info","message":"::1 - - [05/Nov/2015:14:15:17 +0000] \"GET /api/calonpilkada?provinsi=35&daerah=46475 HTTP/1.1\" 200 2995 \"-\" \"Mozilla/5.0 (Macintosh; Intel Mac OS X 10_11_1) AppleWebKit/537.36 (KHTML, like Gecko) Chrome/46.0.2490.80 Safari/537.36\"\n","timestamp":"2015-11-05T14:15:17.317Z"}
{"level":"info","message":"::1 - - [05/Nov/2015:14:16:10 +0000] \"GET /api/calonpilkada?provinsi=35&daerah=46475 HTTP/1.1\" 200 3019 \"-\" \"Mozilla/5.0 (Macintosh; Intel Mac OS X 10_11_1) AppleWebKit/537.36 (KHTML, like Gecko) Chrome/46.0.2490.80 Safari/537.36\"\n","timestamp":"2015-11-05T14:16:10.008Z"}
{"level":"info","message":"::1 - - [05/Nov/2015:14:17:04 +0000] \"GET /api/calonpilkada?provinsi=35&daerah=46475 HTTP/1.1\" 200 3019 \"-\" \"Mozilla/5.0 (Macintosh; Intel Mac OS X 10_11_1) AppleWebKit/537.36 (KHTML, like Gecko) Chrome/46.0.2490.80 Safari/537.36\"\n","timestamp":"2015-11-05T14:17:04.297Z"}
{"level":"info","message":"::1 - - [05/Nov/2015:14:17:52 +0000] \"GET /api/calonpilkada?provinsi=35&daerah=46475 HTTP/1.1\" 200 2484 \"-\" \"Mozilla/5.0 (Macintosh; Intel Mac OS X 10_11_1) AppleWebKit/537.36 (KHTML, like Gecko) Chrome/46.0.2490.80 Safari/537.36\"\n","timestamp":"2015-11-05T14:17:52.553Z"}
{"level":"info","message":"::1 - - [05/Nov/2015:14:18:06 +0000] \"GET /api/calonpilkada?provinsi=35&daerah=46475 HTTP/1.1\" 200 16 \"-\" \"Mozilla/5.0 (Macintosh; Intel Mac OS X 10_11_1) AppleWebKit/537.36 (KHTML, like Gecko) Chrome/46.0.2490.80 Safari/537.36\"\n","timestamp":"2015-11-05T14:18:06.749Z"}
{"level":"info","message":"::1 - - [05/Nov/2015:14:18:47 +0000] \"GET /api/calonpilkada?provinsi=35&daerah=46475 HTTP/1.1\" 200 2484 \"-\" \"Mozilla/5.0 (Macintosh; Intel Mac OS X 10_11_1) AppleWebKit/537.36 (KHTML, like Gecko) Chrome/46.0.2490.80 Safari/537.36\"\n","timestamp":"2015-11-05T14:18:47.093Z"}
{"level":"info","message":"::1 - - [05/Nov/2015:14:19:08 +0000] \"GET /api/calonpilkada?provinsi=35&daerah=46475 HTTP/1.1\" 304 - \"-\" \"Mozilla/5.0 (Macintosh; Intel Mac OS X 10_11_1) AppleWebKit/537.36 (KHTML, like Gecko) Chrome/46.0.2490.80 Safari/537.36\"\n","timestamp":"2015-11-05T14:19:08.106Z"}
{"level":"info","message":"::1 - - [05/Nov/2015:14:19:56 +0000] \"GET /api/calonpilkada?provinsi=35&daerah=46475 HTTP/1.1\" 200 2 \"-\" \"Mozilla/5.0 (Macintosh; Intel Mac OS X 10_11_1) AppleWebKit/537.36 (KHTML, like Gecko) Chrome/46.0.2490.80 Safari/537.36\"\n","timestamp":"2015-11-05T14:19:56.518Z"}
{"level":"info","message":"::1 - - [05/Nov/2015:14:20:36 +0000] \"GET /api/calonpilkada?provinsi=35&daerah=46475 HTTP/1.1\" 304 - \"-\" \"Mozilla/5.0 (Macintosh; Intel Mac OS X 10_11_1) AppleWebKit/537.36 (KHTML, like Gecko) Chrome/46.0.2490.80 Safari/537.36\"\n","timestamp":"2015-11-05T14:20:36.682Z"}
{"level":"info","message":"::1 - - [05/Nov/2015:14:21:08 +0000] \"GET /api/calonpilkada?provinsi=35&daerah=46475 HTTP/1.1\" 200 2484 \"-\" \"Mozilla/5.0 (Macintosh; Intel Mac OS X 10_11_1) AppleWebKit/537.36 (KHTML, like Gecko) Chrome/46.0.2490.80 Safari/537.36\"\n","timestamp":"2015-11-05T14:21:08.056Z"}
{"level":"info","message":"::1 - - [05/Nov/2015:14:21:43 +0000] \"GET /api/calonpilkada?provinsi=35&daerah=46475 HTTP/1.1\" 304 - \"-\" \"Mozilla/5.0 (Macintosh; Intel Mac OS X 10_11_1) AppleWebKit/537.36 (KHTML, like Gecko) Chrome/46.0.2490.80 Safari/537.36\"\n","timestamp":"2015-11-05T14:21:43.140Z"}
{"level":"info","message":"::1 - - [05/Nov/2015:14:21:58 +0000] \"GET /api/calonpilkada?provinsi=35&daerah=46475 HTTP/1.1\" 304 - \"-\" \"Mozilla/5.0 (Macintosh; Intel Mac OS X 10_11_1) AppleWebKit/537.36 (KHTML, like Gecko) Chrome/46.0.2490.80 Safari/537.36\"\n","timestamp":"2015-11-05T14:21:58.618Z"}
{"level":"info","message":"::1 - - [05/Nov/2015:14:22:25 +0000] \"GET /api/calonpilkada?provinsi=35&daerah=46475 HTTP/1.1\" 200 2 \"-\" \"Mozilla/5.0 (Macintosh; Intel Mac OS X 10_11_1) AppleWebKit/537.36 (KHTML, like Gecko) Chrome/46.0.2490.80 Safari/537.36\"\n","timestamp":"2015-11-05T14:22:25.613Z"}
{"level":"info","message":"::1 - - [05/Nov/2015:14:22:33 +0000] \"GET /api/calonpilkada?provinsi=35&daerah=46475 HTTP/1.1\" 304 - \"-\" \"Mozilla/5.0 (Macintosh; Intel Mac OS X 10_11_1) AppleWebKit/537.36 (KHTML, like Gecko) Chrome/46.0.2490.80 Safari/537.36\"\n","timestamp":"2015-11-05T14:22:33.587Z"}
{"level":"info","message":"::1 - - [05/Nov/2015:14:22:48 +0000] \"GET /api/calonpilkada?provinsi=35&daerah=46475 HTTP/1.1\" 200 2484 \"-\" \"Mozilla/5.0 (Macintosh; Intel Mac OS X 10_11_1) AppleWebKit/537.36 (KHTML, like Gecko) Chrome/46.0.2490.80 Safari/537.36\"\n","timestamp":"2015-11-05T14:22:48.699Z"}
{"level":"info","message":"::1 - - [05/Nov/2015:14:22:57 +0000] \"GET /api/calonpilkada?provinsi=35&daerah=46475 HTTP/1.1\" 304 - \"-\" \"Mozilla/5.0 (Macintosh; Intel Mac OS X 10_11_1) AppleWebKit/537.36 (KHTML, like Gecko) Chrome/46.0.2490.80 Safari/537.36\"\n","timestamp":"2015-11-05T14:22:57.891Z"}
{"level":"info","message":"::1 - - [05/Nov/2015:14:23:30 +0000] \"GET /api/calonpilkada?provinsi=35&daerah=46475 HTTP/1.1\" 304 - \"-\" \"Mozilla/5.0 (Macintosh; Intel Mac OS X 10_11_1) AppleWebKit/537.36 (KHTML, like Gecko) Chrome/46.0.2490.80 Safari/537.36\"\n","timestamp":"2015-11-05T14:23:30.840Z"}
{"level":"info","message":"::1 - - [05/Nov/2015:14:23:43 +0000] \"GET /api/calonpilkada?provinsi=35&daerah=46475 HTTP/1.1\" 304 - \"-\" \"Mozilla/5.0 (Macintosh; Intel Mac OS X 10_11_1) AppleWebKit/537.36 (KHTML, like Gecko) Chrome/46.0.2490.80 Safari/537.36\"\n","timestamp":"2015-11-05T14:23:43.676Z"}
{"level":"info","message":"::1 - - [05/Nov/2015:14:23:55 +0000] \"GET /api/calonpilkada?provinsi=35&daerah=46475 HTTP/1.1\" 304 - \"-\" \"Mozilla/5.0 (Macintosh; Intel Mac OS X 10_11_1) AppleWebKit/537.36 (KHTML, like Gecko) Chrome/46.0.2490.80 Safari/537.36\"\n","timestamp":"2015-11-05T14:23:55.324Z"}
{"level":"info","message":"Request to http://api.pemiluapi.org/calonpilkada/api/candidates?apiKey=0b773f8faf08b71472844c31cdafc63a&provinsi=35&daerah=46475","timestamp":"2015-11-05T14:24:50.853Z"}
{"level":"info","message":"::1 - - [05/Nov/2015:14:24:51 +0000] \"GET /api/calonpilkada?provinsi=35&daerah=46475 HTTP/1.1\" 200 2463 \"-\" \"Mozilla/5.0 (Macintosh; Intel Mac OS X 10_11_1) AppleWebKit/537.36 (KHTML, like Gecko) Chrome/46.0.2490.80 Safari/537.36\"\n","timestamp":"2015-11-05T14:24:51.428Z"}
{"level":"info","message":"Request to http://api.pemiluapi.org/calonpilkada/api/candidates?apiKey=0b773f8faf08b71472844c31cdafc63a&","timestamp":"2015-11-05T14:25:39.412Z"}
{"level":"info","message":"::1 - - [05/Nov/2015:14:25:39 +0000] \"GET /api/calonpilkada HTTP/1.1\" - - \"-\" \"Mozilla/5.0 (Macintosh; Intel Mac OS X 10_11_1) AppleWebKit/537.36 (KHTML, like Gecko) Chrome/46.0.2490.80 Safari/537.36\"\n","timestamp":"2015-11-05T14:25:39.721Z"}
{"level":"info","message":"Request to http://api.pemiluapi.org/calonpilkada/api/candidates?apiKey=0b773f8faf08b71472844c31cdafc63a&","timestamp":"2015-11-05T14:25:39.723Z"}
{"level":"info","message":"::1 - - [05/Nov/2015:14:25:45 +0000] \"GET /api/calonpilkada HTTP/1.1\" 200 10960 \"-\" \"Mozilla/5.0 (Macintosh; Intel Mac OS X 10_11_1) AppleWebKit/537.36 (KHTML, like Gecko) Chrome/46.0.2490.80 Safari/537.36\"\n","timestamp":"2015-11-05T14:25:45.082Z"}
{"level":"info","message":"Request to http://api.pemiluapi.org/calonpilkada/api/candidates?apiKey=0b773f8faf08b71472844c31cdafc63a&","timestamp":"2015-11-05T14:35:57.516Z"}
{"level":"error","timestamp":"2015-11-05T14:35:58.155Z"}
{"level":"info","message":"::1 - - [05/Nov/2015:14:35:58 +0000] \"GET /api/calonpilkada HTTP/1.1\" 500 45 \"-\" \"Mozilla/5.0 (Macintosh; Intel Mac OS X 10_11_1) AppleWebKit/537.36 (KHTML, like Gecko) Chrome/46.0.2490.80 Safari/537.36\"\n","timestamp":"2015-11-05T14:35:58.168Z"}
{"level":"info","message":"Request to http://api.pemiluapi.org/calonpilkada/api/candidates?apiKey=0b773f8faf08b71472844c31cdafc63a&","timestamp":"2015-11-05T14:37:03.043Z"}
{"level":"error","timestamp":"2015-11-05T14:37:03.895Z"}
{"level":"info","message":"::1 - - [05/Nov/2015:14:37:03 +0000] \"GET /api/calonpilkada HTTP/1.1\" 500 45 \"-\" \"Mozilla/5.0 (Macintosh; Intel Mac OS X 10_11_1) AppleWebKit/537.36 (KHTML, like Gecko) Chrome/46.0.2490.80 Safari/537.36\"\n","timestamp":"2015-11-05T14:37:03.907Z"}
{"level":"info","message":"Request to http://api.pemiluapi.org/calonpilkada/api/candidates?apiKey=0b773f8faf08b71472844c31cdafc63a&","timestamp":"2015-11-05T14:37:15.607Z"}
{"level":"error","timestamp":"2015-11-05T14:37:16.283Z"}
{"level":"info","message":"::1 - - [05/Nov/2015:14:37:16 +0000] \"GET /api/calonpilkada HTTP/1.1\" 500 45 \"-\" \"Mozilla/5.0 (Macintosh; Intel Mac OS X 10_11_1) AppleWebKit/537.36 (KHTML, like Gecko) Chrome/46.0.2490.80 Safari/537.36\"\n","timestamp":"2015-11-05T14:37:16.295Z"}
{"level":"info","message":"Request to http://api.pemiluapi.org/calonpilkada/api/candidates?apiKey=0b773f8faf08b71472844c31cdafc63a&provinsi=35&daerah=46475","timestamp":"2015-11-05T14:37:50.022Z"}
{"level":"error","timestamp":"2015-11-05T14:37:51.299Z"}
{"level":"info","message":"::1 - - [05/Nov/2015:14:37:51 +0000] \"GET /api/calonpilkada?provinsi=35&daerah=46475 HTTP/1.1\" 500 45 \"-\" \"Mozilla/5.0 (Macintosh; Intel Mac OS X 10_11_1) AppleWebKit/537.36 (KHTML, like Gecko) Chrome/46.0.2490.80 Safari/537.36\"\n","timestamp":"2015-11-05T14:37:51.310Z"}
{"level":"info","message":"Request to http://api.pemiluapi.org/calonpilkada/api/candidates?apiKey=0b773f8faf08b71472844c31cdafc63a&provinsi=35&daerah=46475","timestamp":"2015-11-05T14:38:21.518Z"}
{"level":"info","message":"::1 - - [05/Nov/2015:14:38:22 +0000] \"GET /api/calonpilkada?provinsi=35&daerah=46475 HTTP/1.1\" 200 2462 \"-\" \"Mozilla/5.0 (Macintosh; Intel Mac OS X 10_11_1) AppleWebKit/537.36 (KHTML, like Gecko) Chrome/46.0.2490.80 Safari/537.36\"\n","timestamp":"2015-11-05T14:38:22.643Z"}
{"level":"info","message":"Request to http://api.pemiluapi.org/calonpilkada/api/candidates?apiKey=0b773f8faf08b71472844c31cdafc63a&provinsi=35&daerah=46475","timestamp":"2015-11-05T14:38:52.869Z"}
{"level":"info","message":"::1 - - [05/Nov/2015:14:38:53 +0000] \"GET /api/calonpilkada?provinsi=35&daerah=46475 HTTP/1.1\" 200 2534 \"-\" \"Mozilla/5.0 (Macintosh; Intel Mac OS X 10_11_1) AppleWebKit/537.36 (KHTML, like Gecko) Chrome/46.0.2490.80 Safari/537.36\"\n","timestamp":"2015-11-05T14:38:53.364Z"}
{"level":"info","message":"::1 - - [05/Nov/2015:14:41:17 +0000] \"GET /api/ HTTP/1.1\" 404 42 \"-\" \"Mozilla/5.0 (Macintosh; Intel Mac OS X 10_11_1) AppleWebKit/537.36 (KHTML, like Gecko) Chrome/46.0.2490.80 Safari/537.36\"\n","timestamp":"2015-11-05T14:41:17.696Z"}
{"level":"info","message":"Request to http://api.pemiluapi.org/calonpilkada/api/candidates?apiKey=0b773f8faf08b71472844c31cdafc63a&provinsi=35&daerah=46475","timestamp":"2015-11-05T14:46:59.545Z"}
{"level":"info","message":"::1 - - [05/Nov/2015:14:47:00 +0000] \"GET /api/calonpilkada?provinsi=35&daerah=46475 HTTP/1.1\" 200 2540 \"-\" \"Mozilla/5.0 (Macintosh; Intel Mac OS X 10_11_1) AppleWebKit/537.36 (KHTML, like Gecko) Chrome/46.0.2490.80 Safari/537.36\"\n","timestamp":"2015-11-05T14:47:00.589Z"}
{"level":"info","message":"Request to http://api.pemiluapi.org/calonpilkada/api/candidates?apiKey=0b773f8faf08b71472844c31cdafc63a&provinsi=35&daerah=46475","timestamp":"2015-11-05T14:47:17.209Z"}
{"level":"info","message":"::1 - - [05/Nov/2015:14:47:17 +0000] \"GET /api/calonpilkada?provinsi=35&daerah=46475 HTTP/1.1\" 304 - \"-\" \"Mozilla/5.0 (Macintosh; Intel Mac OS X 10_11_1) AppleWebKit/537.36 (KHTML, like Gecko) Chrome/46.0.2490.80 Safari/537.36\"\n","timestamp":"2015-11-05T14:47:17.805Z"}
{"level":"info","message":"Request to http://api.pemiluapi.org/calonpilkada/api/candidates?apiKey=0b773f8faf08b71472844c31cdafc63a&provinsi=35&daerah=46475","timestamp":"2015-11-05T14:47:47.588Z"}
{"level":"error","timestamp":"2015-11-05T14:47:48.090Z"}
{"level":"info","message":"::1 - - [05/Nov/2015:14:47:48 +0000] \"GET /api/calonpilkada?provinsi=35&daerah=46475 HTTP/1.1\" 500 54 \"-\" \"Mozilla/5.0 (Macintosh; Intel Mac OS X 10_11_1) AppleWebKit/537.36 (KHTML, like Gecko) Chrome/46.0.2490.80 Safari/537.36\"\n","timestamp":"2015-11-05T14:47:48.103Z"}
{"level":"info","message":"Request to http://api.pemiluapi.org/calonpilkada/api/candidates?apiKey=0b773f8faf08b71472844c31cdafc63a&provinsi=35&daerah=46475","timestamp":"2015-11-05T14:48:02.421Z"}
{"level":"info","message":"::1 - - [05/Nov/2015:14:48:03 +0000] \"GET /api/calonpilkada?provinsi=35&daerah=46475 HTTP/1.1\" 200 2540 \"-\" \"Mozilla/5.0 (Macintosh; Intel Mac OS X 10_11_1) AppleWebKit/537.36 (KHTML, like Gecko) Chrome/46.0.2490.80 Safari/537.36\"\n","timestamp":"2015-11-05T14:48:03.049Z"}
{"level":"info","message":"Request to http://api.pemiluapi.org/calonpilkada/api/candidates?apiKey=0b773f8faf08b71472844c31cdafc63a&provinsi=35&daerah=46475","timestamp":"2015-11-05T14:48:14.509Z"}
{"level":"info","message":"::1 - - [05/Nov/2015:14:48:15 +0000] \"GET /api/calonpilkada?provinsi=35&daerah=46475 HTTP/1.1\" 304 - \"-\" \"Mozilla/5.0 (Macintosh; Intel Mac OS X 10_11_1) AppleWebKit/537.36 (KHTML, like Gecko) Chrome/46.0.2490.80 Safari/537.36\"\n","timestamp":"2015-11-05T14:48:15.117Z"}
{"level":"info","message":"Request to http://api.pemiluapi.org/calonpilkada/api/candidates?apiKey=0b773f8faf08b71472844c31cdafc63a&provinsi=35&daerah=46475","timestamp":"2015-11-05T14:48:45.809Z"}
{"level":"error","timestamp":"2015-11-05T14:48:49.028Z"}
{"level":"info","message":"::1 - - [05/Nov/2015:14:48:49 +0000] \"GET /api/calonpilkada?provinsi=35&daerah=46475 HTTP/1.1\" 500 49 \"-\" \"Mozilla/5.0 (Macintosh; Intel Mac OS X 10_11_1) AppleWebKit/537.36 (KHTML, like Gecko) Chrome/46.0.2490.80 Safari/537.36\"\n","timestamp":"2015-11-05T14:48:49.040Z"}
{"level":"info","message":"Request to http://api.pemiluapi.org/calonpilkada/api/candidates?apiKey=0b773f8faf08b71472844c31cdafc63a&provinsi=35&daerah=46475","timestamp":"2015-11-05T14:48:57.783Z"}
{"level":"error","timestamp":"2015-11-05T14:48:59.869Z"}
{"level":"info","message":"::1 - - [05/Nov/2015:14:48:59 +0000] \"GET /api/calonpilkada?provinsi=35&daerah=46475 HTTP/1.1\" 500 48 \"-\" \"Mozilla/5.0 (Macintosh; Intel Mac OS X 10_11_1) AppleWebKit/537.36 (KHTML, like Gecko) Chrome/46.0.2490.80 Safari/537.36\"\n","timestamp":"2015-11-05T14:48:59.880Z"}
{"level":"info","message":"Request to http://api.pemiluapi.org/calonpilkada/api/candidates?apiKey=0b773f8faf08b71472844c31cdafc63a&provinsi=35&daerah=46475","timestamp":"2015-11-05T14:49:11.828Z"}
{"level":"info","message":"::1 - - [05/Nov/2015:14:49:13 +0000] \"GET /api/calonpilkada?provinsi=35&daerah=46475 HTTP/1.1\" 200 2540 \"-\" \"Mozilla/5.0 (Macintosh; Intel Mac OS X 10_11_1) AppleWebKit/537.36 (KHTML, like Gecko) Chrome/46.0.2490.80 Safari/537.36\"\n","timestamp":"2015-11-05T14:49:13.568Z"}
{"level":"info","message":"Request to http://api.pemiluapi.org/calonpilkada/api/candidates?apiKey=0b773f8faf08b71472844c31cdafc63a&provinsi=35&daerah=46475","timestamp":"2015-11-05T14:50:14.469Z"}
{"level":"info","message":"::1 - - [05/Nov/2015:14:50:15 +0000] \"GET /api/calonpilkada?provinsi=35&daerah=46475 HTTP/1.1\" 200 2534 \"-\" \"Mozilla/5.0 (Macintosh; Intel Mac OS X 10_11_1) AppleWebKit/537.36 (KHTML, like Gecko) Chrome/46.0.2490.80 Safari/537.36\"\n","timestamp":"2015-11-05T14:50:15.143Z"}
{"level":"info","message":"Request to http://api.pemiluapi.org/calonpilkada/api/candidates?apiKey=0b773f8faf08b71472844c31cdafc63a&provinsi=55&daerah=46475","timestamp":"2015-11-05T14:50:23.129Z"}
{"level":"info","message":"::1 - - [05/Nov/2015:14:50:24 +0000] \"GET /api/calonpilkada?provinsi=55&daerah=46475 HTTP/1.1\" 200 26 \"-\" \"Mozilla/5.0 (Macintosh; Intel Mac OS X 10_11_1) AppleWebKit/537.36 (KHTML, like Gecko) Chrome/46.0.2490.80 Safari/537.36\"\n","timestamp":"2015-11-05T14:50:24.187Z"}
{"level":"info","message":"Request to http://api.pemiluapi.org/calonpilkada/api/candidates?apiKey=0b773f8faf08b71472844c31cdafc63a&provinsi=36&daerah=46475","timestamp":"2015-11-05T14:50:44.806Z"}
{"level":"info","message":"::1 - - [05/Nov/2015:14:50:45 +0000] \"GET /api/calonpilkada?provinsi=36&daerah=46475 HTTP/1.1\" 200 26 \"-\" \"Mozilla/5.0 (Macintosh; Intel Mac OS X 10_11_1) AppleWebKit/537.36 (KHTML, like Gecko) Chrome/46.0.2490.80 Safari/537.36\"\n","timestamp":"2015-11-05T14:50:45.409Z"}
{"level":"info","message":"Request to http://api.pemiluapi.org/calonpilkada/api/candidates?apiKey=0b773f8faf08b71472844c31cdafc63a&provinsi=36","timestamp":"2015-11-05T14:50:49.726Z"}
{"level":"info","message":"::1 - - [05/Nov/2015:14:50:51 +0000] \"GET /api/calonpilkada?provinsi=36 HTTP/1.1\" 200 12233 \"-\" \"Mozilla/5.0 (Macintosh; Intel Mac OS X 10_11_1) AppleWebKit/537.36 (KHTML, like Gecko) Chrome/46.0.2490.80 Safari/537.36\"\n","timestamp":"2015-11-05T14:50:51.500Z"}
{"level":"info","message":"Request to http://api.pemiluapi.org/calonpilkada/api/candidates?apiKey=0b773f8faf08b71472844c31cdafc63a&provinsi=35&daerah=46475","timestamp":"2015-11-05T14:50:57.376Z"}
{"level":"info","message":"::1 - - [05/Nov/2015:14:50:57 +0000] \"GET /api/calonpilkada?provinsi=35&daerah=46475 HTTP/1.1\" 304 - \"-\" \"Mozilla/5.0 (Macintosh; Intel Mac OS X 10_11_1) AppleWebKit/537.36 (KHTML, like Gecko) Chrome/46.0.2490.80 Safari/537.36\"\n","timestamp":"2015-11-05T14:50:57.964Z"}
{"level":"info","message":"Request to http://api.pemiluapi.org/calonpilkada/api/candidates?apiKey=0b773f8faf08b71472844c31cdafc63a&provinsi=35","timestamp":"2015-11-05T14:51:00.155Z"}
{"level":"info","message":"::1 - - [05/Nov/2015:14:51:02 +0000] \"GET /api/calonpilkada?provinsi=35 HTTP/1.1\" 200 11970 \"-\" \"Mozilla/5.0 (Macintosh; Intel Mac OS X 10_11_1) AppleWebKit/537.36 (KHTML, like Gecko) Chrome/46.0.2490.80 Safari/537.36\"\n","timestamp":"2015-11-05T14:51:02.135Z"}
